<?xml version="1.0" encoding="UTF-8"?>
<!-- Generated by org.testng.reporters.JUnitReportReporter -->
<testsuite skipped="0" hostname="DESKTOP-G7LK545" name="testCase.TC003_VerifyRadioAndCheckboxWithFrame" tests="1" failures="0" timestamp="2022-01-09T22:20:44 BDT" time="18.149" errors="0">
  <testcase name="CheckBoxAndRadioButtonInFrame" time="18.149" classname="testCase.TC003_VerifyRadioAndCheckboxWithFrame"/>
  <system-out/>
</testsuite> <!-- testCase.TC003_VerifyRadioAndCheckboxWithFrame -->
