<?xml version="1.0" encoding="UTF-8"?>
<!-- Generated by org.testng.reporters.JUnitReportReporter -->
<testsuite skipped="0" hostname="DESKTOP-G7LK545" name="testCase.TC008_DragAndDrop" tests="1" failures="0" timestamp="2022-01-09T22:20:44 BDT" time="23.765" errors="0">
  <testcase name="sliderCheck" time="23.765" classname="testCase.TC008_DragAndDrop"/>
  <system-out/>
</testsuite> <!-- testCase.TC008_DragAndDrop -->
